<?xml version="1.0" encoding="UTF-8"?>
<!-- Generated by org.testng.reporters.JUnitReportReporter -->
<testsuite skipped="0" hostname="DESKTOP-T7GAKR6" name="com.epam.lab.web.UpdateApiTest" tests="2" failures="0" timestamp="26 серп. 2017 08:30:04 GMT" time="0.416" errors="0">
  <testcase name="addThreeBookAndDeleteThemWithRestService" time="0.182" classname="com.epam.lab.web.UpdateApiTest"/>
  <testcase name="addThreeBookAndDeleteThemWithSoapService" time="0.234" classname="com.epam.lab.web.UpdateApiTest"/>
</testsuite> <!-- com.epam.lab.web.UpdateApiTest -->
