<?xml version="1.0" encoding="UTF-8"?>
<!-- Generated by org.testng.reporters.JUnitReportReporter -->
<testsuite skipped="0" hostname="EPUALVIW0358" name="com.epam.lab.web.SearchBookApiTest" tests="2" failures="0" timestamp="26 Aug 2017 12:09:42 GMT" time="0.187" errors="0">
  <testcase name="testSearchWithWrongBookNameBouthRestAndSoap" time="0.125" classname="com.epam.lab.web.SearchBookApiTest"/>
  <testcase name="addBookAndGetItBack" time="0.062" classname="com.epam.lab.web.SearchBookApiTest"/>
</testsuite> <!-- com.epam.lab.web.SearchBookApiTest -->
