<?xml version="1.0" encoding="UTF-8"?>
<!-- Generated by org.testng.reporters.JUnitReportReporter -->
<testsuite skipped="0" hostname="DESKTOP-T7GAKR6" name="com.epam.lab.web.SearchBookApiTest" tests="2" failures="0" timestamp="26 серп. 2017 08:30:04 GMT" time="0.388" errors="0">
  <testcase name="testSearchWithWrongBookNameRestAndSoap" time="0.266" classname="com.epam.lab.web.SearchBookApiTest"/>
  <testcase name="addBookAndGetItBack" time="0.122" classname="com.epam.lab.web.SearchBookApiTest"/>
</testsuite> <!-- com.epam.lab.web.SearchBookApiTest -->
