<?xml version="1.0" encoding="UTF-8"?>
<!-- Generated by org.testng.reporters.JUnitReportReporter -->
<testsuite skipped="0" hostname="DESKTOP-T7GAKR6" name="com.epam.lab.web.ExchangeApiTest" tests="2" failures="0" timestamp="26 серп. 2017 08:30:04 GMT" time="2.448" errors="0">
  <testcase name="exchangeOneBookTwoTimesRest" time="1.250" classname="com.epam.lab.web.ExchangeApiTest"/>
  <testcase name="exchangeOneBookTwoTimesSoap" time="1.198" classname="com.epam.lab.web.ExchangeApiTest"/>
</testsuite> <!-- com.epam.lab.web.ExchangeApiTest -->
