<?xml version="1.0" encoding="UTF-8"?>
<!-- Generated by org.testng.reporters.JUnitReportReporter -->
<testsuite skipped="0" hostname="EPUALVIW0358" name="com.epam.lab.web.UpdateApiTest" tests="2" failures="0" timestamp="26 Aug 2017 12:09:42 GMT" time="1.015" errors="0">
  <testcase name="addThreeBookAndDeleteThemWithSoapService" time="0.469" classname="com.epam.lab.web.UpdateApiTest"/>
  <testcase name="addThreeBookAndDeleteThemWithRestService" time="0.546" classname="com.epam.lab.web.UpdateApiTest"/>
</testsuite> <!-- com.epam.lab.web.UpdateApiTest -->
