<?xml version="1.0" encoding="UTF-8"?>
<!-- Generated by org.testng.reporters.JUnitReportReporter -->
<testsuite skipped="0" hostname="EPUALVIW0358" name="com.epam.lab.web.SearchAutorListApiTest" tests="4" failures="0" timestamp="26 Aug 2017 12:09:42 GMT" time="1.250" errors="0">
  <testcase name="getFiveAuthorsBooksSoap" time="0.281" classname="com.epam.lab.web.SearchAutorListApiTest"/>
  <testcase name="getFiveAuthorsBooksRest" time="0.344" classname="com.epam.lab.web.SearchAutorListApiTest"/>
  <testcase name="getAuthorsBooksFaultNumberRest" time="0.328" classname="com.epam.lab.web.SearchAutorListApiTest"/>
  <testcase name="getAuthorsBooksFaultNumberSoap" time="0.297" classname="com.epam.lab.web.SearchAutorListApiTest"/>
</testsuite> <!-- com.epam.lab.web.SearchAutorListApiTest -->
