<?xml version="1.0" encoding="UTF-8"?>
<!-- Generated by org.testng.reporters.JUnitReportReporter -->
<testsuite skipped="0" hostname="DESKTOP-T7GAKR6" name="com.epam.lab.web.SearchAutorListApiTest" tests="4" failures="0" timestamp="26 серп. 2017 08:30:04 GMT" time="4.689" errors="0">
  <testcase name="getAuthorsBooksFaultNumberSoap" time="2.261" classname="com.epam.lab.web.SearchAutorListApiTest"/>
  <testcase name="getFiveAuthorsBooksRest" time="0.670" classname="com.epam.lab.web.SearchAutorListApiTest"/>
  <testcase name="getAuthorsBooksFaultNumberRest" time="1.268" classname="com.epam.lab.web.SearchAutorListApiTest"/>
  <testcase name="getFiveAuthorsBooksSoap" time="0.490" classname="com.epam.lab.web.SearchAutorListApiTest"/>
</testsuite> <!-- com.epam.lab.web.SearchAutorListApiTest -->
