<?xml version="1.0" encoding="UTF-8"?>
<!-- Generated by org.testng.reporters.JUnitReportReporter -->
<testsuite skipped="0" hostname="EPUALVIW0358" name="com.epam.lab.web.ExchangeApiTest" tests="2" failures="0" timestamp="26 Aug 2017 12:09:42 GMT" time="0.297" errors="0">
  <testcase name="tryToExchangeOneBookTwoTimesRest" time="0.157" classname="com.epam.lab.web.ExchangeApiTest"/>
  <testcase name="tryToExchangeOneBookTwoTimesSoap" time="0.140" classname="com.epam.lab.web.ExchangeApiTest"/>
</testsuite> <!-- com.epam.lab.web.ExchangeApiTest -->
